Base path: C:/Program Files/Unity/Editor/Data
Cmd: initializeCompiler
Cmd: compileComputeKernel
  error: 2 plat 4 at ProcSkinTrails.compute(119): if statement conditional expressions must evaluate to a scalar
  api=4 insize=7114 outsize=0 ok=0
Cmd: compileComputeKernel
  error: 1 plat 4 at ProcSkinTrails.compute(126): value cannot be NaN, isnan() may not be necessary.  /Gis may force isnan() to be performed
  api=4 insize=7168 outsize=12613 ok=1
Cmd: compileComputeKernel
  api=4 insize=6951 outsize=11557 ok=1
Cmd: compileComputeKernel
  api=4 insize=6701 outsize=13801 ok=1
Cmd: compileComputeKernel
  api=4 insize=5364 outsize=11557 ok=1
Cmd: compileComputeKernel
  api=4 insize=5364 outsize=11557 ok=1
Cmd: compileComputeKernel
  api=4 insize=5557 outsize=11473 ok=1
Cmd: compileComputeKernel
  api=4 insize=5559 outsize=13801 ok=1
Cmd: compileComputeKernel
  api=4 insize=5673 outsize=13573 ok=1
Cmd: compileComputeKernel
  api=4 insize=5676 outsize=13573 ok=1
Cmd: compileComputeKernel
  api=4 insize=5682 outsize=11233 ok=1
Cmd: compileComputeKernel
  api=4 insize=5701 outsize=13573 ok=1
Cmd: compileComputeKernel
  api=4 insize=5725 outsize=11449 ok=1
Cmd: compileComputeKernel
  api=4 insize=5726 outsize=14709 ok=1
Cmd: compileComputeKernel
  api=4 insize=5684 outsize=11449 ok=1
Cmd: compileComputeKernel
  api=4 insize=5788 outsize=11449 ok=1
Cmd: compileComputeKernel
  api=4 insize=5794 outsize=11449 ok=1
Cmd: compileComputeKernel
  api=4 insize=5794 outsize=13337 ok=1
Cmd: compileComputeKernel
  api=4 insize=5876 outsize=11449 ok=1
Cmd: compileComputeKernel
  api=4 insize=5884 outsize=369 ok=1
Cmd: compileComputeKernel
  api=4 insize=5682 outsize=13573 ok=1
Cmd: compileComputeKernel
  api=4 insize=5693 outsize=14237 ok=1
Cmd: compileComputeKernel
  api=4 insize=5726 outsize=13573 ok=1
Cmd: compileComputeKernel
  api=4 insize=5534 outsize=11709 ok=1
