Base path: C:/Program Files/Unity/Editor/Data
Cmd: initializeCompiler
Cmd: compileComputeKernel
  api=4 insize=3273 outsize=809 ok=1
Cmd: compileComputeKernel
  api=4 insize=3676 outsize=4109 ok=1
Cmd: compileComputeKernel
  api=4 insize=3787 outsize=12337 ok=1
Cmd: compileComputeKernel
  api=4 insize=3964 outsize=369 ok=1
Cmd: compileComputeKernel
  api=4 insize=3847 outsize=3901 ok=1
Cmd: compileComputeKernel
  api=4 insize=4051 outsize=3901 ok=1
Cmd: compileComputeKernel
  api=4 insize=4061 outsize=14633 ok=1
Cmd: compileComputeKernel
  api=4 insize=4098 outsize=3901 ok=1
Cmd: compileComputeKernel
  api=4 insize=4099 outsize=3901 ok=1
Cmd: compileComputeKernel
  api=4 insize=4102 outsize=3901 ok=1
Cmd: compileComputeKernel
  api=4 insize=4213 outsize=705 ok=1
Cmd: compileComputeKernel
  api=4 insize=4393 outsize=3901 ok=1
Cmd: compileComputeKernel
  api=4 insize=4409 outsize=3901 ok=1
Cmd: compileComputeKernel
  api=4 insize=4438 outsize=11009 ok=1
Cmd: compileComputeKernel
  api=4 insize=4662 outsize=4109 ok=1
Cmd: compileComputeKernel
  api=4 insize=4660 outsize=9497 ok=1
Cmd: compileComputeKernel
  api=4 insize=4802 outsize=4109 ok=1
Cmd: compileComputeKernel
  api=4 insize=5248 outsize=4109 ok=1
Cmd: compileComputeKernel
  api=4 insize=5324 outsize=4109 ok=1
Cmd: compileComputeKernel
  api=4 insize=5568 outsize=4109 ok=1
Cmd: compileComputeKernel
  api=4 insize=5571 outsize=4109 ok=1
Cmd: compileComputeKernel
  api=4 insize=6350 outsize=4109 ok=1
Cmd: compileComputeKernel
  api=4 insize=6358 outsize=4109 ok=1
Cmd: compileComputeKernel
  api=4 insize=6527 outsize=4109 ok=1
Cmd: compileComputeKernel
  api=4 insize=6732 outsize=14405 ok=1
Cmd: compileComputeKernel
  error: 1 plat 4 at ProcSkinAnim.compute(88): loop only executes for 0 iteration(s), forcing loop to unroll
  api=4 insize=6766 outsize=369 ok=1
Cmd: compileComputeKernel
  api=4 insize=6754 outsize=4109 ok=1
Cmd: compileComputeKernel
  api=4 insize=6916 outsize=1197 ok=1
Cmd: compileComputeKernel
  api=4 insize=6627 outsize=4109 ok=1
Cmd: compileComputeKernel
  api=4 insize=6761 outsize=12149 ok=1
Cmd: compileComputeKernel
  api=4 insize=6775 outsize=4109 ok=1
Cmd: compileComputeKernel
  api=4 insize=6732 outsize=4109 ok=1
Cmd: compileComputeKernel
  api=4 insize=7413 outsize=13661 ok=1
Cmd: compileComputeKernel
  error: 1 plat 4 at ProcSkinAnim.compute(93): loop only executes for 0 iteration(s), forcing loop to unroll
  api=4 insize=7371 outsize=8797 ok=1
Cmd: compileComputeKernel
  error: 1 plat 4 at ProcSkinAnim.compute(94): loop only executes for 0 iteration(s), forcing loop to unroll
  api=4 insize=7487 outsize=11333 ok=1
Cmd: compileComputeKernel
  error: 1 plat 4 at ProcSkinAnim.compute(94): loop only executes for 0 iteration(s), forcing loop to unroll
  api=4 insize=7493 outsize=8797 ok=1
Cmd: compileComputeKernel
  error: 1 plat 4 at ProcSkinAnim.compute(94): loop only executes for 0 iteration(s), forcing loop to unroll
  api=4 insize=7559 outsize=10221 ok=1
Cmd: compileComputeKernel
  api=4 insize=7840 outsize=4109 ok=1
Cmd: compileComputeKernel
  api=4 insize=7486 outsize=2409 ok=1
Cmd: compileComputeKernel
  error: 1 plat 4 at ProcSkinAnim.compute(98): loop only executes for 0 iteration(s), forcing loop to unroll
  api=4 insize=7829 outsize=3109 ok=1
Cmd: compileComputeKernel
  error: 1 plat 4 at ProcSkinAnim.compute(98): loop only executes for 0 iteration(s), forcing loop to unroll
  api=4 insize=7829 outsize=2769 ok=1
Cmd: compileComputeKernel
  api=4 insize=8030 outsize=4109 ok=1
Cmd: compileComputeKernel
  api=4 insize=8030 outsize=4109 ok=1
Cmd: compileComputeKernel
  api=4 insize=8032 outsize=4109 ok=1
Cmd: compileComputeKernel
  api=4 insize=8052 outsize=4109 ok=1
Cmd: compileComputeKernel
  api=4 insize=8005 outsize=4109 ok=1
Cmd: compileComputeKernel
  api=4 insize=8011 outsize=4109 ok=1
Cmd: compileComputeKernel
  error: 1 plat 4 at ProcSkinAnim.compute(107): loop only executes for 0 iteration(s), forcing loop to unroll
  api=4 insize=8225 outsize=589 ok=1
Cmd: compileComputeKernel
  api=4 insize=8225 outsize=4109 ok=1
Cmd: compileComputeKernel
  api=4 insize=8230 outsize=4109 ok=1
Cmd: compileComputeKernel
  error: 1 plat 4 at ProcSkinAnim.compute(107): loop only executes for 0 iteration(s), forcing loop to unroll
  api=4 insize=8230 outsize=589 ok=1
Cmd: compileComputeKernel
  error: 1 plat 4 at ProcSkinAnim.compute(98): loop only executes for 0 iteration(s), forcing loop to unroll
  api=4 insize=8218 outsize=14985 ok=1
Cmd: compileComputeKernel
  api=4 insize=8224 outsize=4109 ok=1
Cmd: compileComputeKernel
  error: 2 plat 4 at ProcSkinTrails.compute(47): undeclared identifier 'tip'
  api=4 insize=1206 outsize=0 ok=0
Cmd: compileComputeKernel
  api=4 insize=1886 outsize=369 ok=1
Cmd: compileComputeKernel
  api=4 insize=2475 outsize=11333 ok=1
Cmd: compileComputeKernel
  api=4 insize=3658 outsize=369 ok=1
Cmd: compileComputeKernel
  api=4 insize=3398 outsize=3973 ok=1
Cmd: compileComputeKernel
  error: 1 plat 4 at ProcSkinTrails.compute(111): loop only executes for 0 iteration(s), forcing loop to unroll
  api=4 insize=3588 outsize=861 ok=1
Cmd: compileComputeKernel
  error: 1 plat 4 at ProcSkinTrails.compute(111): loop only executes for 0 iteration(s), forcing loop to unroll
  api=4 insize=3588 outsize=861 ok=1
Cmd: compileComputeKernel
  api=4 insize=3514 outsize=809 ok=1
Cmd: compileComputeKernel
  api=4 insize=3524 outsize=3973 ok=1
Cmd: compileComputeKernel
  api=4 insize=3066 outsize=369 ok=1
Cmd: compileComputeKernel
  api=4 insize=3621 outsize=3973 ok=1
Cmd: compileComputeKernel
  api=4 insize=3649 outsize=3973 ok=1
Cmd: compileComputeKernel
  error: 1 plat 4 at ProcSkinTrails.compute(112): integer divides may be much slower, try using uints if possible.
  error: 1 plat 4 at ProcSkinTrails.compute(112): integer modulus may be much slower, try using uints if possible.
  api=4 insize=3647 outsize=1185 ok=1
Cmd: compileComputeKernel
  api=4 insize=2482 outsize=369 ok=1
Cmd: compileComputeKernel
  api=4 insize=3648 outsize=3973 ok=1
Cmd: compileComputeKernel
  api=4 insize=3808 outsize=9953 ok=1
Cmd: compileComputeKernel
  api=4 insize=4341 outsize=17009 ok=1
Cmd: compileComputeKernel
  api=4 insize=4551 outsize=3973 ok=1
Cmd: compileComputeKernel
  api=4 insize=4451 outsize=10105 ok=1
Cmd: compileComputeKernel
  api=4 insize=4609 outsize=11581 ok=1
Cmd: compileComputeKernel
  api=4 insize=4615 outsize=11581 ok=1
Cmd: compileComputeKernel
  api=4 insize=4615 outsize=10105 ok=1
Cmd: compileComputeKernel
  api=4 insize=4612 outsize=3429 ok=1
Cmd: compileComputeKernel
  api=4 insize=4511 outsize=14037 ok=1
Cmd: compileComputeKernel
  api=4 insize=4513 outsize=14037 ok=1
Cmd: compileComputeKernel
  api=4 insize=5563 outsize=14037 ok=1
Cmd: compileComputeKernel
  api=4 insize=5625 outsize=11989 ok=1
Cmd: compileComputeKernel
  api=4 insize=5859 outsize=13797 ok=1
Cmd: compileComputeKernel
  api=4 insize=2499 outsize=369 ok=1
