Base path: C:/Program Files/Unity/Editor/Data
Cmd: initializeCompiler
Cmd: compileComputeKernel
  api=4 insize=3273 outsize=4109 ok=1
Cmd: compileComputeKernel
  api=4 insize=3958 outsize=2617 ok=1
Cmd: compileComputeKernel
  api=4 insize=3970 outsize=10189 ok=1
Cmd: compileComputeKernel
  api=4 insize=3844 outsize=8589 ok=1
Cmd: compileComputeKernel
  api=4 insize=4069 outsize=3901 ok=1
Cmd: compileComputeKernel
  api=4 insize=4102 outsize=14489 ok=1
Cmd: compileComputeKernel
  api=4 insize=4160 outsize=12705 ok=1
Cmd: compileComputeKernel
  api=4 insize=4208 outsize=10689 ok=1
Cmd: compileComputeKernel
  api=4 insize=4396 outsize=3901 ok=1
Cmd: compileComputeKernel
  api=4 insize=4397 outsize=3901 ok=1
Cmd: compileComputeKernel
  api=4 insize=4399 outsize=3901 ok=1
Cmd: compileComputeKernel
  api=4 insize=4495 outsize=4109 ok=1
Cmd: compileComputeKernel
  api=4 insize=4804 outsize=4109 ok=1
Cmd: compileComputeKernel
  api=4 insize=4576 outsize=4109 ok=1
Cmd: compileComputeKernel
  api=4 insize=5347 outsize=13733 ok=1
Cmd: compileComputeKernel
  api=4 insize=5571 outsize=14645 ok=1
Cmd: compileComputeKernel
  api=4 insize=6536 outsize=4109 ok=1
Cmd: compileComputeKernel
  api=4 insize=6732 outsize=4109 ok=1
Cmd: compileComputeKernel
  api=4 insize=6810 outsize=4109 ok=1
Cmd: compileComputeKernel
  api=4 insize=6916 outsize=1197 ok=1
Cmd: compileComputeKernel
  api=4 insize=6966 outsize=14025 ok=1
Cmd: compileComputeKernel
  api=4 insize=6966 outsize=15113 ok=1
Cmd: compileComputeKernel
  api=4 insize=6755 outsize=11597 ok=1
Cmd: compileComputeKernel
  api=4 insize=6745 outsize=15089 ok=1
Cmd: compileComputeKernel
  api=4 insize=7480 outsize=12345 ok=1
Cmd: compileComputeKernel
  api=4 insize=7413 outsize=4109 ok=1
Cmd: compileComputeKernel
  api=4 insize=7368 outsize=4109 ok=1
Cmd: compileComputeKernel
  error: 1 plat 4 at ProcSkinAnim.compute(93): loop only executes for 0 iteration(s), forcing loop to unroll
  api=4 insize=7524 outsize=13929 ok=1
Cmd: compileComputeKernel
  api=4 insize=7487 outsize=4109 ok=1
Cmd: compileComputeKernel
  error: 1 plat 4 at ProcSkinAnim.compute(94): loop only executes for 0 iteration(s), forcing loop to unroll
  api=4 insize=7490 outsize=10493 ok=1
Cmd: compileComputeKernel
  error: 1 plat 4 at ProcSkinAnim.compute(94): loop only executes for 0 iteration(s), forcing loop to unroll
  api=4 insize=7813 outsize=10417 ok=1
Cmd: compileComputeKernel
  error: 1 plat 4 at ProcSkinAnim.compute(94): loop only executes for 0 iteration(s), forcing loop to unroll
  api=4 insize=7831 outsize=10437 ok=1
Cmd: compileComputeKernel
  api=4 insize=7656 outsize=4109 ok=1
Cmd: compileComputeKernel
  api=4 insize=7806 outsize=4109 ok=1
Cmd: compileComputeKernel
  api=4 insize=8025 outsize=4109 ok=1
Cmd: compileComputeKernel
  api=4 insize=8005 outsize=4109 ok=1
Cmd: compileComputeKernel
  api=4 insize=8011 outsize=2409 ok=1
Cmd: compileComputeKernel
  error: 1 plat 4 at ProcSkinAnim.compute(107): loop only executes for 0 iteration(s), forcing loop to unroll
  api=4 insize=7995 outsize=589 ok=1
Cmd: compileComputeKernel
  api=4 insize=7990 outsize=4109 ok=1
Cmd: compileComputeKernel
  error: 1 plat 4 at ProcSkinAnim.compute(107): loop only executes for 0 iteration(s), forcing loop to unroll
  api=4 insize=7995 outsize=589 ok=1
Cmd: compileComputeKernel
  error: 1 plat 4 at ProcSkinAnim.compute(107): loop only executes for 0 iteration(s), forcing loop to unroll
  api=4 insize=8253 outsize=937 ok=1
Cmd: compileComputeKernel
  error: 1 plat 4 at ProcSkinAnim.compute(107): loop only executes for 0 iteration(s), forcing loop to unroll
  api=4 insize=8230 outsize=589 ok=1
Cmd: compileComputeKernel
  error: 1 plat 4 at ProcSkinAnim.compute(98): loop only executes for 0 iteration(s), forcing loop to unroll
  api=4 insize=8217 outsize=13477 ok=1
Cmd: compileComputeKernel
  api=4 insize=1299 outsize=369 ok=1
Cmd: compileComputeKernel
  api=4 insize=3658 outsize=4109 ok=1
Cmd: compileComputeKernel
  api=4 insize=3201 outsize=12001 ok=1
Cmd: compileComputeKernel
  api=4 insize=3233 outsize=3973 ok=1
Cmd: compileComputeKernel
  api=4 insize=3588 outsize=3973 ok=1
Cmd: compileComputeKernel
  api=4 insize=2975 outsize=369 ok=1
Cmd: compileComputeKernel
  api=4 insize=2975 outsize=4109 ok=1
Cmd: compileComputeKernel
  api=4 insize=3514 outsize=5197 ok=1
Cmd: compileComputeKernel
  api=4 insize=3524 outsize=645 ok=1
Cmd: compileComputeKernel
  api=4 insize=3538 outsize=721 ok=1
Cmd: compileComputeKernel
  api=4 insize=3524 outsize=685 ok=1
Cmd: compileComputeKernel
  api=4 insize=3535 outsize=3973 ok=1
Cmd: compileComputeKernel
  api=4 insize=3512 outsize=809 ok=1
Cmd: compileComputeKernel
  api=4 insize=3649 outsize=1581 ok=1
Cmd: compileComputeKernel
  api=4 insize=3615 outsize=2945 ok=1
Cmd: compileComputeKernel
  api=4 insize=3612 outsize=6385 ok=1
Cmd: compileComputeKernel
  api=4 insize=3647 outsize=3973 ok=1
Cmd: compileComputeKernel
  api=4 insize=3648 outsize=6669 ok=1
Cmd: compileComputeKernel
  api=4 insize=3651 outsize=6513 ok=1
Cmd: compileComputeKernel
  api=4 insize=4256 outsize=12001 ok=1
Cmd: compileComputeKernel
  api=4 insize=4335 outsize=12001 ok=1
Cmd: compileComputeKernel
  api=4 insize=4346 outsize=17241 ok=1
Cmd: compileComputeKernel
  error: 2 plat 4 at ProcSkinTrails.compute(141): out parameters require l-value arguments
  api=4 insize=4347 outsize=0 ok=0
Cmd: compileComputeKernel
  api=4 insize=4380 outsize=15293 ok=1
Cmd: compileComputeKernel
  api=4 insize=4572 outsize=3973 ok=1
Cmd: compileComputeKernel
  api=4 insize=4765 outsize=13321 ok=1
Cmd: compileComputeKernel
  api=4 insize=4505 outsize=14037 ok=1
Cmd: compileComputeKernel
  api=4 insize=4511 outsize=13573 ok=1
Cmd: compileComputeKernel
  api=4 insize=4513 outsize=13573 ok=1
Cmd: compileComputeKernel
  error: 2 plat 4 at ProcSkinTrails.compute(99): variable 'n1' used without having been completely initialized
  api=4 insize=5296 outsize=0 ok=0
Cmd: compileComputeKernel
  api=4 insize=5625 outsize=13789 ok=1
Cmd: compileComputeKernel
  api=4 insize=5856 outsize=14037 ok=1
Cmd: compileComputeKernel
  api=4 insize=5782 outsize=13797 ok=1
Cmd: compileComputeKernel
  api=4 insize=5487 outsize=11933 ok=1
