Base path: C:/Program Files/Unity/Editor/Data
Cmd: initializeCompiler
Cmd: compileComputeKernel
  api=4 insize=3635 outsize=8937 ok=1
Cmd: compileComputeKernel
  error: 1 plat 4 at ProcSkinAnim.compute(107): 'i': loop control variable conflicts with a previous declaration in the outer scope; most recent declaration will be used
  api=4 insize=3954 outsize=10253 ok=1
Cmd: compileComputeKernel
  api=4 insize=3955 outsize=14041 ok=1
Cmd: compileComputeKernel
  api=4 insize=3961 outsize=8589 ok=1
Cmd: compileComputeKernel
  api=4 insize=3976 outsize=10189 ok=1
Cmd: compileComputeKernel
  api=4 insize=3798 outsize=8589 ok=1
Cmd: compileComputeKernel
  api=4 insize=3847 outsize=8589 ok=1
Cmd: compileComputeKernel
  api=4 insize=3844 outsize=12337 ok=1
Cmd: compileComputeKernel
  api=4 insize=4098 outsize=3901 ok=1
Cmd: compileComputeKernel
  api=4 insize=4209 outsize=10589 ok=1
Cmd: compileComputeKernel
  api=4 insize=4396 outsize=2737 ok=1
Cmd: compileComputeKernel
  api=4 insize=4408 outsize=541 ok=1
Cmd: compileComputeKernel
  api=4 insize=4409 outsize=541 ok=1
Cmd: compileComputeKernel
  api=4 insize=4397 outsize=2681 ok=1
Cmd: compileComputeKernel
  api=4 insize=4495 outsize=12465 ok=1
Cmd: compileComputeKernel
  api=4 insize=4662 outsize=9497 ok=1
Cmd: compileComputeKernel
  api=4 insize=4749 outsize=10953 ok=1
Cmd: compileComputeKernel
  api=4 insize=4804 outsize=11325 ok=1
Cmd: compileComputeKernel
  api=4 insize=5087 outsize=13517 ok=1
Cmd: compileComputeKernel
  api=4 insize=5267 outsize=10173 ok=1
Cmd: compileComputeKernel
  api=4 insize=5353 outsize=11829 ok=1
Cmd: compileComputeKernel
  api=4 insize=5304 outsize=13621 ok=1
Cmd: compileComputeKernel
  api=4 insize=5345 outsize=14865 ok=1
Cmd: compileComputeKernel
  api=4 insize=5362 outsize=4109 ok=1
Cmd: compileComputeKernel
  api=4 insize=5546 outsize=14917 ok=1
Cmd: compileComputeKernel
  api=4 insize=6766 outsize=4109 ok=1
Cmd: compileComputeKernel
  api=4 insize=6760 outsize=4109 ok=1
Cmd: compileComputeKernel
  error: 1 plat 4 at ProcSkinAnim.compute(88): loop only executes for 0 iteration(s), forcing loop to unroll
  api=4 insize=6754 outsize=13149 ok=1
Cmd: compileComputeKernel
  error: 1 plat 4 at ProcSkinAnim.compute(90): loop only executes for 0 iteration(s), forcing loop to unroll
  api=4 insize=6810 outsize=841 ok=1
Cmd: compileComputeKernel
  api=4 insize=6791 outsize=4109 ok=1
Cmd: compileComputeKernel
  api=4 insize=6627 outsize=15113 ok=1
Cmd: compileComputeKernel
  api=4 insize=6761 outsize=4109 ok=1
Cmd: compileComputeKernel
  api=4 insize=6745 outsize=4109 ok=1
Cmd: compileComputeKernel
  api=4 insize=6777 outsize=15097 ok=1
Cmd: compileComputeKernel
  api=4 insize=6732 outsize=2409 ok=1
Cmd: compileComputeKernel
  api=4 insize=7480 outsize=4109 ok=1
Cmd: compileComputeKernel
  api=4 insize=7428 outsize=4109 ok=1
Cmd: compileComputeKernel
  api=4 insize=7420 outsize=13685 ok=1
Cmd: compileComputeKernel
  api=4 insize=7368 outsize=2409 ok=1
Cmd: compileComputeKernel
  api=4 insize=7371 outsize=4109 ok=1
Cmd: compileComputeKernel
  error: 1 plat 4 at ProcSkinAnim.compute(94): loop only executes for 0 iteration(s), forcing loop to unroll
  api=4 insize=7490 outsize=11005 ok=1
Cmd: compileComputeKernel
  api=4 insize=7493 outsize=4109 ok=1
Cmd: compileComputeKernel
  api=4 insize=7502 outsize=4109 ok=1
Cmd: compileComputeKernel
  error: 1 plat 4 at ProcSkinAnim.compute(95): loop only executes for 0 iteration(s), forcing loop to unroll
  api=4 insize=7656 outsize=10145 ok=1
Cmd: compileComputeKernel
  error: 1 plat 4 at ProcSkinAnim.compute(107): loop only executes for 0 iteration(s), forcing loop to unroll
  api=4 insize=8055 outsize=909 ok=1
Cmd: compileComputeKernel
  error: 1 plat 4 at ProcSkinAnim.compute(109): loop only executes for 0 iteration(s), forcing loop to unroll
  api=4 insize=8025 outsize=909 ok=1
Cmd: compileComputeKernel
  error: 1 plat 4 at ProcSkinAnim.compute(109): loop only executes for 0 iteration(s), forcing loop to unroll
  api=4 insize=8005 outsize=589 ok=1
Cmd: compileComputeKernel
  api=4 insize=7995 outsize=4109 ok=1
Cmd: compileComputeKernel
  api=4 insize=8230 outsize=2409 ok=1
Cmd: compileComputeKernel
  api=4 insize=8230 outsize=4109 ok=1
Cmd: compileComputeKernel
  api=4 insize=8230 outsize=4109 ok=1
Cmd: compileComputeKernel
  error: 1 plat 4 at ProcSkinAnim.compute(107): loop only executes for 0 iteration(s), forcing loop to unroll
  api=4 insize=8225 outsize=589 ok=1
Cmd: compileComputeKernel
  api=4 insize=6605 outsize=4109 ok=1
Cmd: compileComputeKernel
  error: 1 plat 4 at 1.compute(98): loop only executes for 0 iteration(s), forcing loop to unroll
  api=4 insize=6605 outsize=10145 ok=1
Cmd: compileComputeKernel
  api=4 insize=1258 outsize=369 ok=1
Cmd: compileComputeKernel
  error: 2 plat 4 at ProcSkinTrails.compute(74): undeclared identifier 'p'
  api=4 insize=1905 outsize=0 ok=0
Cmd: compileComputeKernel
  api=4 insize=1913 outsize=8941 ok=1
Cmd: compileComputeKernel
  api=4 insize=3203 outsize=1581 ok=1
Cmd: compileComputeKernel
  api=4 insize=3231 outsize=3973 ok=1
Cmd: compileComputeKernel
  api=4 insize=3335 outsize=3973 ok=1
Cmd: compileComputeKernel
  api=4 insize=3543 outsize=3973 ok=1
Cmd: compileComputeKernel
  api=4 insize=3588 outsize=3973 ok=1
Cmd: compileComputeKernel
  api=4 insize=3570 outsize=3973 ok=1
Cmd: compileComputeKernel
  api=4 insize=2975 outsize=369 ok=1
Cmd: compileComputeKernel
  api=4 insize=3514 outsize=3973 ok=1
Cmd: compileComputeKernel
  api=4 insize=3514 outsize=3973 ok=1
Cmd: compileComputeKernel
  api=4 insize=3535 outsize=741 ok=1
Cmd: compileComputeKernel
  api=4 insize=3536 outsize=3973 ok=1
Cmd: compileComputeKernel
  api=4 insize=3063 outsize=3845 ok=1
Cmd: compileComputeKernel
  api=4 insize=3063 outsize=3845 ok=1
Cmd: compileComputeKernel
  api=4 insize=3512 outsize=3973 ok=1
Cmd: compileComputeKernel
  error: 2 plat 4 at ProcSkinAnim.compute(96): undeclared identifier 'GetBoneMatrix'
  api=4 insize=2480 outsize=0 ok=0
Cmd: compileComputeKernel
  error: 2 plat 4 at ProcSkinTrails.compute(118): undeclared identifier 'GetBoneMatrix'
  api=4 insize=3621 outsize=0 ok=0
Cmd: compileComputeKernel
  api=4 insize=2480 outsize=3845 ok=1
Cmd: compileComputeKernel
  api=4 insize=3621 outsize=369 ok=1
Cmd: compileComputeKernel
  api=4 insize=3612 outsize=3973 ok=1
Cmd: compileComputeKernel
  api=4 insize=3641 outsize=965 ok=1
Cmd: compileComputeKernel
  api=4 insize=3876 outsize=3973 ok=1
Cmd: compileComputeKernel
  api=4 insize=4346 outsize=12001 ok=1
Cmd: compileComputeKernel
  api=4 insize=4475 outsize=3973 ok=1
Cmd: compileComputeKernel
  api=4 insize=4553 outsize=3973 ok=1
Cmd: compileComputeKernel
  api=4 insize=4551 outsize=14813 ok=1
Cmd: compileComputeKernel
  api=4 insize=4796 outsize=10105 ok=1
Cmd: compileComputeKernel
  api=4 insize=4451 outsize=11581 ok=1
Cmd: compileComputeKernel
  api=4 insize=4885 outsize=13493 ok=1
Cmd: compileComputeKernel
  api=4 insize=4774 outsize=14037 ok=1
Cmd: compileComputeKernel
  api=4 insize=5296 outsize=13729 ok=1
Cmd: compileComputeKernel
  api=4 insize=5563 outsize=13729 ok=1
Cmd: compileComputeKernel
  api=4 insize=5584 outsize=13789 ok=1
Cmd: compileComputeKernel
  api=4 insize=5856 outsize=20913 ok=1
Cmd: compileComputeKernel
  api=4 insize=5859 outsize=11821 ok=1
Cmd: compileComputeKernel
  api=4 insize=5464 outsize=11933 ok=1
