Base path: C:/Program Files/Unity/Editor/Data
Cmd: initializeCompiler
Cmd: compileComputeKernel
  api=4 insize=3958 outsize=4109 ok=1
Cmd: compileComputeKernel
  api=4 insize=3955 outsize=4109 ok=1
Cmd: compileComputeKernel
  api=4 insize=3958 outsize=4109 ok=1
Cmd: compileComputeKernel
  api=4 insize=3970 outsize=4109 ok=1
Cmd: compileComputeKernel
  api=4 insize=4140 outsize=3901 ok=1
Cmd: compileComputeKernel
  api=4 insize=4066 outsize=14673 ok=1
Cmd: compileComputeKernel
  api=4 insize=4066 outsize=14705 ok=1
Cmd: compileComputeKernel
  api=4 insize=4069 outsize=10949 ok=1
Cmd: compileComputeKernel
  api=4 insize=4160 outsize=3901 ok=1
Cmd: compileComputeKernel
  api=4 insize=4208 outsize=3901 ok=1
Cmd: compileComputeKernel
  api=4 insize=4393 outsize=2981 ok=1
Cmd: compileComputeKernel
  api=4 insize=4396 outsize=2737 ok=1
Cmd: compileComputeKernel
  api=4 insize=4399 outsize=12465 ok=1
Cmd: compileComputeKernel
  api=4 insize=4752 outsize=4109 ok=1
Cmd: compileComputeKernel
  api=4 insize=4796 outsize=4109 ok=1
Cmd: compileComputeKernel
  api=4 insize=4576 outsize=10917 ok=1
Cmd: compileComputeKernel
  api=4 insize=5085 outsize=4109 ok=1
Cmd: compileComputeKernel
  api=4 insize=5345 outsize=4109 ok=1
Cmd: compileComputeKernel
  api=4 insize=5546 outsize=14917 ok=1
Cmd: compileComputeKernel
  error: 1 plat 4 at ProcSkinAnim.compute(88): loop only executes for 0 iteration(s), forcing loop to unroll
  api=4 insize=6754 outsize=13149 ok=1
Cmd: compileComputeKernel
  error: 1 plat 4 at ProcSkinAnim.compute(88): loop only executes for 0 iteration(s), forcing loop to unroll
  api=4 insize=6760 outsize=8977 ok=1
Cmd: compileComputeKernel
  api=4 insize=6766 outsize=2409 ok=1
Cmd: compileComputeKernel
  api=4 insize=6966 outsize=4109 ok=1
Cmd: compileComputeKernel
  api=4 insize=6755 outsize=12941 ok=1
Cmd: compileComputeKernel
  api=4 insize=6761 outsize=4109 ok=1
Cmd: compileComputeKernel
  api=4 insize=6761 outsize=4109 ok=1
Cmd: compileComputeKernel
  api=4 insize=6775 outsize=10233 ok=1
Cmd: compileComputeKernel
  api=4 insize=7683 outsize=4109 ok=1
Cmd: compileComputeKernel
  api=4 insize=7400 outsize=13665 ok=1
Cmd: compileComputeKernel
  api=4 insize=7419 outsize=4109 ok=1
Cmd: compileComputeKernel
  error: 1 plat 4 at ProcSkinAnim.compute(93): loop only executes for 0 iteration(s), forcing loop to unroll
  api=4 insize=7368 outsize=11725 ok=1
Cmd: compileComputeKernel
  api=4 insize=7515 outsize=4109 ok=1
Cmd: compileComputeKernel
  api=4 insize=7524 outsize=4109 ok=1
Cmd: compileComputeKernel
  api=4 insize=7490 outsize=4109 ok=1
Cmd: compileComputeKernel
  api=4 insize=7490 outsize=4109 ok=1
Cmd: compileComputeKernel
  api=4 insize=7603 outsize=4109 ok=1
Cmd: compileComputeKernel
  api=4 insize=7600 outsize=4109 ok=1
Cmd: compileComputeKernel
  api=4 insize=7749 outsize=4109 ok=1
Cmd: compileComputeKernel
  error: 1 plat 4 at ProcSkinAnim.compute(107): loop only executes for 0 iteration(s), forcing loop to unroll
  api=4 insize=8030 outsize=589 ok=1
Cmd: compileComputeKernel
  error: 1 plat 4 at ProcSkinAnim.compute(107): loop only executes for 0 iteration(s), forcing loop to unroll
  api=4 insize=8052 outsize=897 ok=1
Cmd: compileComputeKernel
  api=4 insize=7990 outsize=4109 ok=1
Cmd: compileComputeKernel
  api=4 insize=7995 outsize=4109 ok=1
Cmd: compileComputeKernel
  error: 1 plat 4 at ProcSkinAnim.compute(107): loop only executes for 0 iteration(s), forcing loop to unroll
  api=4 insize=7990 outsize=589 ok=1
Cmd: compileComputeKernel
  api=4 insize=8253 outsize=4109 ok=1
Cmd: compileComputeKernel
  api=4 insize=8230 outsize=4109 ok=1
Cmd: compileComputeKernel
  api=4 insize=8230 outsize=4109 ok=1
Cmd: compileComputeKernel
  error: 2 plat 4 at ProcSkinTrails.compute(12): failed to open source file: '../Common/Matrix.cginc'
  api=4 insize=1150 outsize=0 ok=0
Cmd: compileComputeKernel
  api=4 insize=2236 outsize=789 ok=1
Cmd: compileComputeKernel
  api=4 insize=3543 outsize=4937 ok=1
Cmd: compileComputeKernel
  api=4 insize=3534 outsize=1817 ok=1
Cmd: compileComputeKernel
  api=4 insize=3063 outsize=369 ok=1
Cmd: compileComputeKernel
  api=4 insize=2480 outsize=3845 ok=1
Cmd: compileComputeKernel
  api=4 insize=2480 outsize=369 ok=1
Cmd: compileComputeKernel
  error: 1 plat 4 at ProcSkinTrails.compute(112): integer divides may be much slower, try using uints if possible.
  error: 1 plat 4 at ProcSkinTrails.compute(112): integer modulus may be much slower, try using uints if possible.
  api=4 insize=3649 outsize=1185 ok=1
Cmd: compileComputeKernel
  api=4 insize=3641 outsize=3973 ok=1
Cmd: compileComputeKernel
  api=4 insize=2482 outsize=3845 ok=1
Cmd: compileComputeKernel
  api=4 insize=2504 outsize=369 ok=1
Cmd: compileComputeKernel
  api=4 insize=3725 outsize=6513 ok=1
Cmd: compileComputeKernel
  api=4 insize=3741 outsize=6513 ok=1
Cmd: compileComputeKernel
  api=4 insize=3808 outsize=3973 ok=1
Cmd: compileComputeKernel
  api=4 insize=4345 outsize=17249 ok=1
Cmd: compileComputeKernel
  api=4 insize=4344 outsize=17221 ok=1
Cmd: compileComputeKernel
  api=4 insize=4341 outsize=3973 ok=1
Cmd: compileComputeKernel
  api=4 insize=4379 outsize=15273 ok=1
Cmd: compileComputeKernel
  api=4 insize=4475 outsize=15329 ok=1
Cmd: compileComputeKernel
  api=4 insize=4551 outsize=14841 ok=1
Cmd: compileComputeKernel
  api=4 insize=4551 outsize=3973 ok=1
Cmd: compileComputeKernel
  api=4 insize=4615 outsize=11933 ok=1
Cmd: compileComputeKernel
  error: 2 plat 4 at ProcSkinTrails.compute(138): cannot implicitly convert from 'const float4x4' to 'float4'
  api=4 insize=4733 outsize=0 ok=0
Cmd: compileComputeKernel
  api=4 insize=4885 outsize=14037 ok=1
Cmd: compileComputeKernel
  error: 2 plat 4 at ProcSkinTrails.compute(95): cannot convert from 'struct GPUTrail' to 'float3'
  api=4 insize=5270 outsize=0 ok=0
Cmd: compileComputeKernel
  api=4 insize=5296 outsize=14037 ok=1
Cmd: compileComputeKernel
  api=4 insize=5584 outsize=14037 ok=1
Cmd: compileComputeKernel
  api=4 insize=5461 outsize=14037 ok=1
Cmd: compileComputeKernel
  api=4 insize=5543 outsize=15841 ok=1
Cmd: compileComputeKernel
  api=4 insize=2499 outsize=3845 ok=1
